<?xml version="1.0" encoding="UTF-8"?>
<testsuite name="CalculatorTest" tests="6" skipped="0" failures="0" errors="0" timestamp="2021-10-03T20:20:37" hostname="DESKTOP-E36UVPS" time="0.068">
  <properties/>
  <testcase name="Simple multiplication should work" classname="CalculatorTest" time="0.032"/>
  <testcase name="repetition 1 of 5" classname="CalculatorTest" time="0.004"/>
  <testcase name="repetition 2 of 5" classname="CalculatorTest" time="0.002"/>
  <testcase name="repetition 3 of 5" classname="CalculatorTest" time="0.001"/>
  <testcase name="repetition 4 of 5" classname="CalculatorTest" time="0.002"/>
  <testcase name="repetition 5 of 5" classname="CalculatorTest" time="0.001"/>
  <system-out><![CDATA[]]></system-out>
  <system-err><![CDATA[]]></system-err>
</testsuite>
