<?xml version="1.0" encoding="UTF-8"?>
<testsuite name="PermissionManagerTest" tests="2" skipped="0" failures="0" errors="0" timestamp="2021-10-10T12:00:10" hostname="DESKTOP-E36UVPS" time="0.033">
  <properties/>
  <testcase name="Unit Test for getPermissionLevel() method" classname="PermissionManagerTest" time="0.03"/>
  <testcase name="Unit Test for setPermissionLevel() method" classname="PermissionManagerTest" time="0.002"/>
  <system-out><![CDATA[]]></system-out>
  <system-err><![CDATA[]]></system-err>
</testsuite>
